[debug] [2021-04-16T06:54:15.790Z] ----------------------------------------------------------------------
[debug] [2021-04-16T06:54:15.794Z] Command:       C:\Program Files\nodejs\node.exe C:\Users\AnhLien\AppData\Roaming\npm\node_modules\firebase-tools\lib\bin\firebase.js init
[debug] [2021-04-16T06:54:15.795Z] CLI Version:   9.9.0
[debug] [2021-04-16T06:54:15.795Z] Platform:      win32
[debug] [2021-04-16T06:54:15.795Z] Node Version:  v14.15.3
[debug] [2021-04-16T06:54:15.801Z] Time:          Fri Apr 16 2021 13:54:15 GMT+0700 (Indochina Time)
[debug] [2021-04-16T06:54:15.801Z] ----------------------------------------------------------------------
[debug] 
[debug] [2021-04-16T06:54:15.804Z] >>> [apiv2][query] GET https://firebase-public.firebaseio.com/cli.json [none]
[debug] [2021-04-16T06:54:15.832Z] > command requires scopes: ["email","openid","https://www.googleapis.com/auth/cloudplatformprojects.readonly","https://www.googleapis.com/auth/firebase","https://www.googleapis.com/auth/cloud-platform"]
[debug] [2021-04-16T06:54:15.832Z] > authorizing via signed-in user (lienho0304@gmail.com)
[info] 
     ######## #### ########  ######## ########     ###     ######  ########
     ##        ##  ##     ## ##       ##     ##  ##   ##  ##       ##
     ######    ##  ########  ######   ########  #########  ######  ######
     ##        ##  ##    ##  ##       ##     ## ##     ##       ## ##
     ##       #### ##     ## ######## ########  ##     ##  ######  ########

You're about to initialize a Firebase project in this directory:

  D:\youtube-clone\youtube-clone

[debug] [2021-04-16T06:54:16.634Z] <<< [apiv2][status] GET https://firebase-public.firebaseio.com/cli.json 200
[debug] [2021-04-16T06:54:16.634Z] <<< [apiv2][body] GET https://firebase-public.firebaseio.com/cli.json {"cloudBuildErrorAfter":1594252800000,"cloudBuildWarnAfter":1590019200000,"defaultNode10After":1594252800000,"minVersion":"3.0.5","node8DeploysDisabledAfter":1613390400000,"node8RuntimeDisabledAfter":1615809600000,"node8WarnAfter":1600128000000}
[info] 
=== Project Setup
[info] 
[info] First, let's associate this project directory with a Firebase project.
[info] You can create multiple project aliases by running firebase use --add, 
[info] but for now we'll just set up a default project.
[info] 
[debug] [2021-04-16T06:54:24.484Z] > refreshing access token with scopes: []
[debug] [2021-04-16T06:54:24.484Z] >>> HTTP REQUEST POST https://www.googleapis.com/oauth2/v3/token  
 <request body omitted>
[debug] [2021-04-16T06:54:24.732Z] <<< HTTP RESPONSE 200 {"cache-control":"no-cache, no-store, max-age=0, must-revalidate","pragma":"no-cache","expires":"Mon, 01 Jan 1990 00:00:00 GMT","date":"Fri, 16 Apr 2021 06:54:24 GMT","content-type":"application/json; charset=utf-8","vary":"X-Origin, Referer, Origin,Accept-Encoding","server":"scaffolding on HTTPServer2","x-xss-protection":"0","x-frame-options":"SAMEORIGIN","x-content-type-options":"nosniff","alt-svc":"h3-29=\":443\"; ma=2592000,h3-T051=\":443\"; ma=2592000,h3-Q050=\":443\"; ma=2592000,h3-Q046=\":443\"; ma=2592000,h3-Q043=\":443\"; ma=2592000,quic=\":443\"; ma=2592000; v=\"46,43\"","accept-ranges":"none","transfer-encoding":"chunked"}
[debug] [2021-04-16T06:54:24.742Z] >>> [apiv2][query] GET https://firebase.googleapis.com/v1beta1/projects pageSize=100
[debug] [2021-04-16T06:54:25.403Z] <<< [apiv2][status] GET https://firebase.googleapis.com/v1beta1/projects 200
[debug] [2021-04-16T06:54:25.403Z] <<< [apiv2][body] GET https://firebase.googleapis.com/v1beta1/projects [omitted]
[info] i  Using project clone-3ef07 (youtube-clone) 
[info] 
=== Hosting Setup
[info] 
[info] Your public directory is the folder (relative to your project directory) that
[info] will contain Hosting assets to be uploaded with firebase deploy. If you
[info] have a build process for your assets, use your build's output directory.
[info] 
[debug] [2021-04-16T06:54:32.931Z] >>> [apiv2][query] GET https://www.gstatic.com/firebasejs/releases.json [none]
[debug] [2021-04-16T06:54:33.127Z] <<< [apiv2][status] GET https://www.gstatic.com/firebasejs/releases.json 200
[debug] [2021-04-16T06:54:33.127Z] <<< [apiv2][body] GET https://www.gstatic.com/firebasejs/releases.json {"current":{"version":"8.4.1","browserURL":"https://www.gstatic.com/firebasejs/8.4.1/firebase.js","packageURL":"https://www.gstatic.com/firebasejs/8.4.1/firebase.tgz"},"live":{"version":"8.4","browserURL":"https://www.gstatic.com/firebasejs/live/8.4/firebase.js","packageURL":"https://www.gstatic.com/firebasejs/live/8.4/firebase.tgz"},"components":{"analytics":"https://www.gstatic.com/firebasejs/8.4.1/firebase-analytics.js","app":"https://www.gstatic.com/firebasejs/8.4.1/firebase-app.js","auth":"https://www.gstatic.com/firebasejs/8.4.1/firebase-auth.js","database":"https://www.gstatic.com/firebasejs/8.4.1/firebase-database.js","firestore":"https://www.gstatic.com/firebasejs/8.4.1/firebase-firestore.js","functions":"https://www.gstatic.com/firebasejs/8.4.1/firebase-functions.js","installations":"https://www.gstatic.com/firebasejs/8.4.1/firebase-installations.js","messaging":"https://www.gstatic.com/firebasejs/8.4.1/firebase-messaging.js","storage":"https://www.gstatic.com/firebasejs/8.4.1/firebase-storage.js","performance":"https://www.gstatic.com/firebasejs/8.4.1/firebase-performance.js","remote-config":"https://www.gstatic.com/firebasejs/8.4.1/firebase-remote-config.js","firestore.memory":"https://www.gstatic.com/firebasejs/8.4.1/firebase-firestore.memory.js"}}
[info] +  Wrote public/index.html 
[info] 
[info] i  Detected a .git folder at D:\youtube-clone\youtube-clone 
[info] i  Authorizing with GitHub to upload your service account to a GitHub repository's secrets store. 
[info] 
[info] Visit this URL on this device to log in:
[info] https://github.com/login/oauth/authorize?client_id=89cf50f02ac6aaed3484&state=93146759&redirect_uri=http%3A%2F%2Flocalhost%3A9005&scope=read%3Auser%20repo%20public_repo
[info] 
[info] Waiting for authentication...
[debug] [2021-04-16T06:54:36.151Z] >>> HTTP REQUEST POST https://github.com/login/oauth/access_token  
 {"client_id":"89cf50f02ac6aaed3484","client_secret":"3330d14abc895d9a74d5f17cd7a00711fa2c5bf0","code":"c7e128617723550e401c","redirect_uri":"http://localhost:9005","state":"93146759"}
[debug] [2021-04-16T06:54:36.787Z] <<< HTTP RESPONSE 200 {"server":"GitHub.com","date":"Fri, 16 Apr 2021 06:54:36 GMT","content-type":"application/json; charset=utf-8","transfer-encoding":"chunked","vary":"X-PJAX, Accept-Encoding, Accept, X-Requested-With","etag":"W/\"26d5ef9a394d85f2bc4b2163e89758f5\"","cache-control":"max-age=0, private, must-revalidate","strict-transport-security":"max-age=31536000; includeSubdomains; preload","x-frame-options":"deny","x-content-type-options":"nosniff","x-xss-protection":"0","referrer-policy":"origin-when-cross-origin, strict-origin-when-cross-origin","expect-ct":"max-age=2592000, report-uri=\"https://api.github.com/_private/browser/errors\"","content-security-policy":"default-src 'none'; base-uri 'self'; block-all-mixed-content; connect-src 'self' uploads.github.com www.githubstatus.com collector.githubapp.com api.github.com github-cloud.s3.amazonaws.com github-production-repository-file-5c1aeb.s3.amazonaws.com github-production-upload-manifest-file-7fdce7.s3.amazonaws.com github-production-user-asset-6210df.s3.amazonaws.com cdn.optimizely.com logx.optimizely.com/v1/events wss://alive.github.com; font-src github.githubassets.com; form-action 'self' github.com gist.github.com; frame-ancestors 'none'; frame-src render.githubusercontent.com; img-src 'self' data: github.githubassets.com identicons.github.com collector.githubapp.com github-cloud.s3.amazonaws.com secured-user-images.githubusercontent.com/ *.githubusercontent.com; manifest-src 'self'; media-src 'none'; script-src github.githubassets.com; style-src 'unsafe-inline' github.githubassets.com; worker-src github.com/socket-worker-3f088aa2.js gist.github.com/socket-worker-3f088aa2.js","x-github-request-id":"46E7:7D51:28AA2:2D5B2:607934AC"}
[debug] [2021-04-16T06:54:36.791Z] >>> [apiv2][query] GET https://api.github.com/user [none]
[debug] [2021-04-16T06:54:37.480Z] <<< [apiv2][status] GET https://api.github.com/user 200
[debug] [2021-04-16T06:54:37.480Z] <<< [apiv2][body] GET https://api.github.com/user {"login":"lienho0304","id":82303859,"node_id":"MDQ6VXNlcjgyMzAzODU5","avatar_url":"https://avatars.githubusercontent.com/u/82303859?v=4","gravatar_id":"","url":"https://api.github.com/users/lienho0304","html_url":"https://github.com/lienho0304","followers_url":"https://api.github.com/users/lienho0304/followers","following_url":"https://api.github.com/users/lienho0304/following{/other_user}","gists_url":"https://api.github.com/users/lienho0304/gists{/gist_id}","starred_url":"https://api.github.com/users/lienho0304/starred{/owner}{/repo}","subscriptions_url":"https://api.github.com/users/lienho0304/subscriptions","organizations_url":"https://api.github.com/users/lienho0304/orgs","repos_url":"https://api.github.com/users/lienho0304/repos","events_url":"https://api.github.com/users/lienho0304/events{/privacy}","received_events_url":"https://api.github.com/users/lienho0304/received_events","type":"User","site_admin":false,"name":null,"company":null,"blog":"","location":null,"email":null,"hireable":null,"bio":null,"twitter_username":null,"public_repos":1,"public_gists":0,"followers":0,"following":0,"created_at":"2021-04-11T05:43:27Z","updated_at":"2021-04-11T09:48:16Z","private_gists":0,"total_private_repos":0,"owned_private_repos":0,"disk_usage":270,"collaborators":0,"two_factor_authentication":false,"plan":{"name":"free","space":976562499,"collaborators":0,"private_repos":10000}}
[info] 
[info] +  Success! Logged into GitHub as lienho0304 
[info] 
[debug] [2021-04-16T06:54:48.046Z] >>> [apiv2][query] GET https://api.github.com/repos//actions/secrets/public-key type=owner
[debug] [2021-04-16T06:54:48.683Z] <<< [apiv2][status] GET https://api.github.com/repos//actions/secrets/public-key 404
[debug] [2021-04-16T06:54:48.683Z] <<< [apiv2][body] GET https://api.github.com/repos//actions/secrets/public-key {"message":"Not Found","documentation_url":"https://docs.github.com/rest"}
[debug] [2021-04-16T06:54:56.386Z] >>> [apiv2][query] GET https://api.github.com/repos/repository/actions/secrets/public-key type=owner
[debug] [2021-04-16T06:54:57.031Z] <<< [apiv2][status] GET https://api.github.com/repos/repository/actions/secrets/public-key 404
[debug] [2021-04-16T06:54:57.031Z] <<< [apiv2][body] GET https://api.github.com/repos/repository/actions/secrets/public-key {"message":"Not Found","documentation_url":"https://docs.github.com/rest"}
